#
# There is insufficient memory for the Java Runtime Environment to continue.
# Native memory allocation (malloc) failed to allocate 1048576 bytes for AllocateHeap
# Possible reasons:
#   The system is out of physical RAM or swap space
#   In 32 bit mode, the process size limit was hit
# Possible solutions:
#   Reduce memory load on the system
#   Increase physical memory or swap space
#   Check if swap backing store is full
#   Use 64 bit Java on a 64 bit OS
#   Decrease Java heap size (-Xmx/-Xms)
#   Decrease number of Java threads
#   Decrease Java thread stack sizes (-Xss)
#   Set larger code cache with -XX:ReservedCodeCacheSize=
# This output file may be truncated or incomplete.
#
#  Out of Memory Error (memory/allocation.inline.hpp:61), pid=11872, tid=0x0000000000002d70
#
# JRE version:  (8.0_144-b01) (build )
# Java VM: Java HotSpot(TM) 64-Bit Server VM (25.144-b01 mixed mode windows-amd64 compressed oops)
# Failed to write core dump. Minidumps are not enabled by default on client versions of Windows
#

---------------  T H R E A D  ---------------

Current thread (0x0000000002bad800):  JavaThread "Unknown thread" [_thread_in_vm, id=11632, stack(0x0000000002a60000,0x0000000002b60000)]

Stack: [0x0000000002a60000,0x0000000002b60000]
[error occurred during error reporting (printing stack bounds), id 0xc0000005]

Native frames: (J=compiled Java code, j=interpreted, Vv=VM code, C=native code)


---------------  P R O C E S S  ---------------

Java Threads: ( => current thread )

Other Threads:

=>0x0000000002bad800 (exited) JavaThread "Unknown thread" [_thread_in_vm, id=11632, stack(0x0000000002a60000,0x0000000002b60000)]

VM state:not at safepoint (normal execution)

VM Mutex/Monitor currently owned by a thread: None

Heap:
 PSYoungGen      total 37888K, used 655K [0x00000000eab00000, 0x00000000ed500000, 0x0000000100000000)
  eden space 32768K, 2% used [0x00000000eab00000,0x00000000eaba3d80,0x00000000ecb00000)
  from space 5120K, 0% used [0x00000000ed000000,0x00000000ed000000,0x00000000ed500000)
  to   space 5120K, 0% used [0x00000000ecb00000,0x00000000ecb00000,0x00000000ed000000)
 ParOldGen       total 86016K, used 0K [0x00000000c0000000, 0x00000000c5400000, 0x00000000eab00000)
  object space 86016K, 0% used [0x00000000c0000000,0x00000000c0000000,0x00000000c5400000)
 Metaspace       used 770K, capacity 4480K, committed 4480K, reserved 1056768K
  class space    used 75K, capacity 384K, committed 384K, reserved 1048576K

Card table byte_map: [0x00000000120a0000,0x00000000122b0000] byte_map_base: 0x0000000011aa0000

Marking Bits: (ParMarkBitMap*) 0x0000000050fad850
 Begin Bits: [0x0000000012810000, 0x0000000013810000)
 End Bits:   [0x0000000013810000, 0x0000000014810000)

Polling page: 0x0000000001430000

CodeCache: size=245760Kb used=328Kb max_used=328Kb free=245431Kb
 bounds [0x0000000002ce0000, 0x0000000002f50000, 0x0000000011ce0000]
 total_blobs=58 nmethods=0 adapters=38
 compilation: enabled

Compilation events (0 events):
No events

GC Heap History (0 events):
No events

Deoptimization events (0 events):
No events

Internal exceptions (0 events):
No events

Events (10 events):
Event: 0.270 loading class java/lang/Short
Event: 0.270 loading class java/lang/Short done
Event: 0.270 loading class java/lang/Integer
Event: 0.270 loading class java/lang/Integer done
Event: 0.270 loading class java/lang/Long
Event: 0.270 loading class java/lang/Long done
Event: 0.271 loading class java/lang/NullPointerException
Event: 0.271 loading class java/lang/NullPointerException done
Event: 0.271 loading class java/lang/ArithmeticException
Event: 0.271 loading class java/lang/ArithmeticException done


Dynamic libraries:
0x00007ff739110000 - 0x00007ff739147000 	C:\Program Files\Java\jdk1.8.0_144\bin\java.exe
0x00007ffc1c800000 - 0x00007ffc1c9db000 	C:\WINDOWS\SYSTEM32\ntdll.dll
0x00007ffc0eb90000 - 0x00007ffc0ebc3000 	C:\Program Files\AVAST Software\Avast\x64\aswhooka.dll
0x00007ffc1b970000 - 0x00007ffc1ba1e000 	C:\WINDOWS\System32\KERNEL32.DLL
0x00007ffc19850000 - 0x00007ffc19a99000 	C:\WINDOWS\System32\KERNELBASE.dll
0x00007ffc19f00000 - 0x00007ffc19fa1000 	C:\WINDOWS\System32\ADVAPI32.dll
0x00007ffc1b8d0000 - 0x00007ffc1b96d000 	C:\WINDOWS\System32\msvcrt.dll
0x00007ffc1c430000 - 0x00007ffc1c489000 	C:\WINDOWS\System32\sechost.dll
0x00007ffc19d60000 - 0x00007ffc19e85000 	C:\WINDOWS\System32\RPCRT4.dll
0x00007ffc1a280000 - 0x00007ffc1a3ca000 	C:\WINDOWS\System32\USER32.dll
0x00007ffc19490000 - 0x00007ffc194ae000 	C:\WINDOWS\System32\win32u.dll
0x00007ffc19fb0000 - 0x00007ffc19fd7000 	C:\WINDOWS\System32\GDI32.dll
0x00007ffc19610000 - 0x00007ffc19797000 	C:\WINDOWS\System32\gdi32full.dll
0x00007ffc19af0000 - 0x00007ffc19b8a000 	C:\WINDOWS\System32\msvcp_win.dll
0x00007ffc19510000 - 0x00007ffc19606000 	C:\WINDOWS\System32\ucrtbase.dll
0x00007ffc08740000 - 0x00007ffc089a7000 	C:\WINDOWS\WinSxS\amd64_microsoft.windows.common-controls_6595b64144ccf1df_6.0.15063.483_none_26002d27e7c744a2\COMCTL32.dll
0x00007ffc1c490000 - 0x00007ffc1c789000 	C:\WINDOWS\System32\combase.dll
0x00007ffc18d20000 - 0x00007ffc18d8a000 	C:\WINDOWS\System32\bcryptPrimitives.dll
0x00007ffc1a1e0000 - 0x00007ffc1a20d000 	C:\WINDOWS\System32\IMM32.DLL
0x0000000053680000 - 0x0000000053752000 	C:\Program Files\Java\jdk1.8.0_144\jre\bin\msvcr100.dll
0x0000000050790000 - 0x000000005102d000 	C:\Program Files\Java\jdk1.8.0_144\jre\bin\server\jvm.dll
0x00007ffc1c110000 - 0x00007ffc1c118000 	C:\WINDOWS\System32\PSAPI.DLL
0x00007ffc084f0000 - 0x00007ffc084f9000 	C:\WINDOWS\SYSTEM32\WSOCK32.dll
0x00007ffc1a210000 - 0x00007ffc1a27c000 	C:\WINDOWS\System32\WS2_32.dll
0x00007ffc12280000 - 0x00007ffc122a3000 	C:\WINDOWS\SYSTEM32\WINMM.dll
0x00007ffc126f0000 - 0x00007ffc126fa000 	C:\WINDOWS\SYSTEM32\VERSION.dll
0x00007ffc12250000 - 0x00007ffc1227b000 	C:\WINDOWS\SYSTEM32\WINMMBASE.dll
0x00007ffc19aa0000 - 0x00007ffc19ae9000 	C:\WINDOWS\System32\cfgmgr32.dll
0x0000000053670000 - 0x000000005367f000 	C:\Program Files\Java\jdk1.8.0_144\jre\bin\verify.dll
0x0000000053640000 - 0x0000000053669000 	C:\Program Files\Java\jdk1.8.0_144\jre\bin\java.dll
0x0000000053620000 - 0x0000000053636000 	C:\Program Files\Java\jdk1.8.0_144\jre\bin\zip.dll

VM Arguments:
jvm_args: -Djava.awt.headless=true -Xmx1024M -Dfile.encoding=windows-1252 -Duser.country=IN -Duser.language=en -Duser.variant 
java_command: com.android.dx.command.Main --dex --num-threads=4 --output Z:\REACT NATIVE\techStack\android\app\build\intermediates\pre-dexed\debug\javax.inject-1_7e091815a9769894aeb44c05f15161f7811c500a.jar C:\Users\Udhay\.gradle\caches\modules-2\files-2.1\javax.inject\javax.inject\1\6975da39a7040257bd51d21a231b76c915872d38\javax.inject-1.jar
java_class_path (initial): C:\Users\Udhay\AppData\Local\Android\sdk\build-tools\23.0.1\lib\dx.jar
Launcher Type: SUN_STANDARD

Environment Variables:
JAVA_HOME=C:\Program Files\Java\jdk1.8.0_144
CLASSPATH=Z:\REACT NATIVE\techStack\android\\gradle\wrapper\gradle-wrapper.jar
PATH=C:\ProgramData\Oracle\Java\javapath;C:\Windows\system32;C:\Windows;C:\Windows\System32\Wbem;C:\Windows\System32\WindowsPowerShell\v1.0\;C:\Program Files (x86)\NVIDIA Corporation\PhysX\Common;C:\WINDOWS\system32;C:\WINDOWS;C:\WINDOWS\System32\Wbem;C:\WINDOWS\System32\WindowsPowerShell\v1.0\;C:\Program Files\nodejs\;Z:\REACT NATIVE\albums\4.2.1\bin\bin;C:\Users\Udhay\scoop\shims;C:\Users\Udhay\AppData\Local\Microsoft\WindowsApps;C:\Users\Udhay\AppData\Local\GitHubDesktop\bin;C:\Users\Udhay\AppData\Roaming\npm;C:\Users\Udhay\AppData\Local\Android\sdk\platform-tools;C:\Users\Udhay\scoop\apps\gradle\current\bin;C:\User\Udhay\AppData\Local\Android\sdk\platform-tools;C:\Users\Udhay\AppData\Local\atom\bin
USERNAME=Udhay
OS=Windows_NT
PROCESSOR_IDENTIFIER=Intel64 Family 6 Model 142 Stepping 9, GenuineIntel



---------------  S Y S T E M  ---------------

OS: Windows 10.0 , 64 bit Build 15063 (10.0.15063.296)

CPU:total 4 (initial active 4) (2 cores per cpu, 2 threads per core) family 6 model 142 stepping 9, cmov, cx8, fxsr, mmx, sse, sse2, sse3, ssse3, sse4.1, sse4.2, popcnt, avx, avx2, aes, clmul, erms, 3dnowpref, lzcnt, ht, tsc, tscinvbit, bmi1, bmi2, adx

Memory: 4k page, physical 8243596k(200656k free), swap 10191244k(5480k free)

vm_info: Java HotSpot(TM) 64-Bit Server VM (25.144-b01) for windows-amd64 JRE (1.8.0_144-b01), built on Jul 21 2017 21:57:33 by "java_re" with MS VC++ 10.0 (VS2010)

time: Wed Oct 25 12:21:21 2017
elapsed time: 0 seconds (0d 0h 0m 0s)

