#
# There is insufficient memory for the Java Runtime Environment to continue.
# Native memory allocation (malloc) failed to allocate 32744 bytes for ChunkPool::allocate
# Possible reasons:
#   The system is out of physical RAM or swap space
#   In 32 bit mode, the process size limit was hit
# Possible solutions:
#   Reduce memory load on the system
#   Increase physical memory or swap space
#   Check if swap backing store is full
#   Use 64 bit Java on a 64 bit OS
#   Decrease Java heap size (-Xmx/-Xms)
#   Decrease number of Java threads
#   Decrease Java thread stack sizes (-Xss)
#   Set larger code cache with -XX:ReservedCodeCacheSize=
# This output file may be truncated or incomplete.
#
#  Out of Memory Error (allocation.cpp:273), pid=6724, tid=0x0000000000000170
#
# JRE version: Java(TM) SE Runtime Environment (8.0_144-b01) (build 1.8.0_144-b01)
# Java VM: Java HotSpot(TM) 64-Bit Server VM (25.144-b01 mixed mode windows-amd64 compressed oops)
# Failed to write core dump. Minidumps are not enabled by default on client versions of Windows
#

---------------  T H R E A D  ---------------

Current thread (0x00000000157db000):  JavaThread "C2 CompilerThread0" daemon [_thread_in_native, id=368, stack(0x0000000016e30000,0x0000000016f30000)]

Stack: [0x0000000016e30000,0x0000000016f30000]
[error occurred during error reporting (printing stack bounds), id 0xc0000005]

Native frames: (J=compiled Java code, j=interpreted, Vv=VM code, C=native code)


Current CompileTask:
C2:   5793 2161   !   4       com.android.dx.cf.code.Ropper::processBlock (1101 bytes)


---------------  P R O C E S S  ---------------

Java Threads: ( => current thread )
  0x000000001749c000 JavaThread "pool-1-thread-4" [_thread_blocked, id=5836, stack(0x0000000017b30000,0x0000000017c30000)]
  0x000000001749b000 JavaThread "pool-1-thread-3" [_thread_blocked, id=7804, stack(0x0000000017a30000,0x0000000017b30000)]
  0x000000001749a800 JavaThread "pool-1-thread-2" [_thread_blocked, id=10884, stack(0x0000000017930000,0x0000000017a30000)]
  0x0000000017497800 JavaThread "pool-2-thread-1" [_thread_blocked, id=11132, stack(0x0000000017830000,0x0000000017930000)]
  0x0000000017497000 JavaThread "pool-1-thread-1" [_thread_blocked, id=10864, stack(0x0000000017730000,0x0000000017830000)]
  0x0000000017170000 JavaThread "Service Thread" daemon [_thread_blocked, id=1392, stack(0x0000000017530000,0x0000000017630000)]
  0x00000000157e1000 JavaThread "C1 CompilerThread2" daemon [_thread_blocked, id=6704, stack(0x0000000017030000,0x0000000017130000)]
  0x00000000157de000 JavaThread "C2 CompilerThread1" daemon [_thread_blocked, id=3596, stack(0x0000000016f30000,0x0000000017030000)]
=>0x00000000157db000 JavaThread "C2 CompilerThread0" daemon [_thread_in_native, id=368, stack(0x0000000016e30000,0x0000000016f30000)]
  0x00000000157e6800 JavaThread "Attach Listener" daemon [_thread_blocked, id=9900, stack(0x0000000016d30000,0x0000000016e30000)]
  0x00000000157e5800 JavaThread "Signal Dispatcher" daemon [_thread_blocked, id=384, stack(0x0000000016c30000,0x0000000016d30000)]
  0x00000000157ca800 JavaThread "Finalizer" daemon [_thread_blocked, id=9800, stack(0x0000000016a40000,0x0000000016b40000)]
  0x00000000030ff800 JavaThread "Reference Handler" daemon [_thread_blocked, id=6260, stack(0x0000000016940000,0x0000000016a40000)]
  0x000000000300d800 JavaThread "main" [_thread_blocked, id=3068, stack(0x0000000002f00000,0x0000000003000000)]

Other Threads:
  0x00000000157a8800 VMThread [stack: 0x0000000016840000,0x0000000016940000] [id=1640]
  0x000000001717d000 WatcherThread [stack: 0x0000000017630000,0x0000000017730000] [id=4724]

VM state:at safepoint (normal execution)

VM Mutex/Monitor currently owned by a thread:  ([mutex/lock_event])
[0x000000000300ce80] Threads_lock - owner thread: 0x00000000157a8800
[0x000000000300d300] Heap_lock - owner thread: 0x000000000300d800

Heap:
 PSYoungGen      total 136192K, used 136184K [0x00000000eab00000, 0x00000000fe000000, 0x0000000100000000)
  eden space 131072K, 100% used [0x00000000eab00000,0x00000000f2b00000,0x00000000f2b00000)
  from space 5120K, 99% used [0x00000000f2b00000,0x00000000f2ffe0e8,0x00000000f3000000)
  to   space 27136K, 92% used [0x00000000fc580000,0x00000000fde09db0,0x00000000fe000000)
 ParOldGen       total 86016K, used 47936K [0x00000000c0000000, 0x00000000c5400000, 0x00000000eab00000)
  object space 86016K, 55% used [0x00000000c0000000,0x00000000c2ed0068,0x00000000c5400000)
 Metaspace       used 6492K, capacity 7256K, committed 7424K, reserved 1056768K
  class space    used 626K, capacity 656K, committed 768K, reserved 1048576K

Card table byte_map: [0x00000000124d0000,0x00000000126e0000] byte_map_base: 0x0000000011ed0000

Marking Bits: (ParMarkBitMap*) 0x0000000050fad850
 Begin Bits: [0x0000000012c40000, 0x0000000013c40000)
 End Bits:   [0x0000000013c40000, 0x0000000014c40000)

Polling page: 0x0000000001600000

CodeCache: size=245760Kb used=9228Kb max_used=9228Kb free=236531Kb
 bounds [0x0000000003110000, 0x0000000003a20000, 0x0000000012110000]
 total_blobs=2329 nmethods=2065 adapters=176
 compilation: enabled

Compilation events (10 events):
Event: 5.470 Thread 0x00000000157de000 nmethod 2188 0x00000000039ed550 code [0x00000000039ed6a0, 0x00000000039ed798]
Event: 5.470 Thread 0x00000000157de000 2177   !   4       com.android.dx.cf.cst.ConstantPoolParser::parseUtf8 (47 bytes)
Event: 5.475 Thread 0x00000000157de000 nmethod 2177 0x0000000003a197d0 code [0x0000000003a19960, 0x0000000003a19e18]
Event: 5.692 Thread 0x00000000157de000 2223       4       com.android.dx.rop.cst.CstType::equals (29 bytes)
Event: 5.693 Thread 0x00000000157de000 nmethod 2223 0x00000000039c9290 code [0x00000000039c93c0, 0x00000000039c9458]
Event: 5.694 Thread 0x00000000157de000 2224       4       java.util.TreeMap$Values::iterator (19 bytes)
Event: 5.696 Thread 0x00000000157de000 nmethod 2224 0x00000000039e03d0 code [0x00000000039e0520, 0x00000000039e0678]
Event: 5.697 Thread 0x00000000157e1000 2225       3       com.android.dx.ssa.SCCP::simulateStmt (481 bytes)
Event: 5.699 Thread 0x00000000157e1000 nmethod 2225 0x0000000003a1a410 code [0x0000000003a1a740, 0x0000000003a1c6d8]
Event: 5.699 Thread 0x00000000157de000 2226 %     4       com.android.dx.ssa.DeadCodeRemover::run @ 30 (194 bytes)

GC Heap History (10 events):
Event: 0.870 GC heap before
{Heap before GC invocations=1 (full 0):
 PSYoungGen      total 37888K, used 32768K [0x00000000eab00000, 0x00000000ed500000, 0x0000000100000000)
  eden space 32768K, 100% used [0x00000000eab00000,0x00000000ecb00000,0x00000000ecb00000)
  from space 5120K, 0% used [0x00000000ed000000,0x00000000ed000000,0x00000000ed500000)
  to   space 5120K, 0% used [0x00000000ecb00000,0x00000000ecb00000,0x00000000ed000000)
 ParOldGen       total 86016K, used 0K [0x00000000c0000000, 0x00000000c5400000, 0x00000000eab00000)
  object space 86016K, 0% used [0x00000000c0000000,0x00000000c0000000,0x00000000c5400000)
 Metaspace       used 6048K, capacity 7026K, committed 7296K, reserved 1056768K
  class space    used 604K, capacity 618K, committed 640K, reserved 1048576K
Event: 0.900 GC heap after
Heap after GC invocations=1 (full 0):
 PSYoungGen      total 37888K, used 5111K [0x00000000eab00000, 0x00000000ef500000, 0x0000000100000000)
  eden space 32768K, 0% used [0x00000000eab00000,0x00000000eab00000,0x00000000ecb00000)
  from space 5120K, 99% used [0x00000000ecb00000,0x00000000ecffdc88,0x00000000ed000000)
  to   space 5120K, 0% used [0x00000000ef000000,0x00000000ef000000,0x00000000ef500000)
 ParOldGen       total 86016K, used 1921K [0x00000000c0000000, 0x00000000c5400000, 0x00000000eab00000)
  object space 86016K, 2% used [0x00000000c0000000,0x00000000c01e0428,0x00000000c5400000)
 Metaspace       used 6048K, capacity 7026K, committed 7296K, reserved 1056768K
  class space    used 604K, capacity 618K, committed 640K, reserved 1048576K
}
Event: 1.167 GC heap before
{Heap before GC invocations=2 (full 0):
 PSYoungGen      total 37888K, used 37879K [0x00000000eab00000, 0x00000000ef500000, 0x0000000100000000)
  eden space 32768K, 100% used [0x00000000eab00000,0x00000000ecb00000,0x00000000ecb00000)
  from space 5120K, 99% used [0x00000000ecb00000,0x00000000ecffdc88,0x00000000ed000000)
  to   space 5120K, 0% used [0x00000000ef000000,0x00000000ef000000,0x00000000ef500000)
 ParOldGen       total 86016K, used 1921K [0x00000000c0000000, 0x00000000c5400000, 0x00000000eab00000)
  object space 86016K, 2% used [0x00000000c0000000,0x00000000c01e0428,0x00000000c5400000)
 Metaspace       used 6211K, capacity 7090K, committed 7296K, reserved 1056768K
  class space    used 604K, capacity 618K, committed 640K, reserved 1048576K
Event: 1.179 GC heap after
Heap after GC invocations=2 (full 0):
 PSYoungGen      total 70656K, used 5095K [0x00000000eab00000, 0x00000000ef500000, 0x0000000100000000)
  eden space 65536K, 0% used [0x00000000eab00000,0x00000000eab00000,0x00000000eeb00000)
  from space 5120K, 99% used [0x00000000ef000000,0x00000000ef4f9c78,0x00000000ef500000)
  to   space 5120K, 0% used [0x00000000eeb00000,0x00000000eeb00000,0x00000000ef000000)
 ParOldGen       total 86016K, used 7140K [0x00000000c0000000, 0x00000000c5400000, 0x00000000eab00000)
  object space 86016K, 8% used [0x00000000c0000000,0x00000000c06f9390,0x00000000c5400000)
 Metaspace       used 6211K, capacity 7090K, committed 7296K, reserved 1056768K
  class space    used 604K, capacity 618K, committed 640K, reserved 1048576K
}
Event: 1.594 GC heap before
{Heap before GC invocations=3 (full 0):
 PSYoungGen      total 70656K, used 70631K [0x00000000eab00000, 0x00000000ef500000, 0x0000000100000000)
  eden space 65536K, 100% used [0x00000000eab00000,0x00000000eeb00000,0x00000000eeb00000)
  from space 5120K, 99% used [0x00000000ef000000,0x00000000ef4f9c78,0x00000000ef500000)
  to   space 5120K, 0% used [0x00000000eeb00000,0x00000000eeb00000,0x00000000ef000000)
 ParOldGen       total 86016K, used 7140K [0x00000000c0000000, 0x00000000c5400000, 0x00000000eab00000)
  object space 86016K, 8% used [0x00000000c0000000,0x00000000c06f9390,0x00000000c5400000)
 Metaspace       used 6308K, capacity 7154K, committed 7296K, reserved 1056768K
  class space    used 605K, capacity 618K, committed 640K, reserved 1048576K
Event: 1.614 GC heap after
Heap after GC invocations=3 (full 0):
 PSYoungGen      total 70656K, used 5106K [0x00000000eab00000, 0x00000000f3500000, 0x0000000100000000)
  eden space 65536K, 0% used [0x00000000eab00000,0x00000000eab00000,0x00000000eeb00000)
  from space 5120K, 99% used [0x00000000eeb00000,0x00000000eeffcaf0,0x00000000ef000000)
  to   space 5120K, 0% used [0x00000000f3000000,0x00000000f3000000,0x00000000f3500000)
 ParOldGen       total 86016K, used 17143K [0x00000000c0000000, 0x00000000c5400000, 0x00000000eab00000)
  object space 86016K, 19% used [0x00000000c0000000,0x00000000c10bdc80,0x00000000c5400000)
 Metaspace       used 6308K, capacity 7154K, committed 7296K, reserved 1056768K
  class space    used 605K, capacity 618K, committed 640K, reserved 1048576K
}
Event: 2.038 GC heap before
{Heap before GC invocations=4 (full 0):
 PSYoungGen      total 70656K, used 70642K [0x00000000eab00000, 0x00000000f3500000, 0x0000000100000000)
  eden space 65536K, 100% used [0x00000000eab00000,0x00000000eeb00000,0x00000000eeb00000)
  from space 5120K, 99% used [0x00000000eeb00000,0x00000000eeffcaf0,0x00000000ef000000)
  to   space 5120K, 0% used [0x00000000f3000000,0x00000000f3000000,0x00000000f3500000)
 ParOldGen       total 86016K, used 17143K [0x00000000c0000000, 0x00000000c5400000, 0x00000000eab00000)
  object space 86016K, 19% used [0x00000000c0000000,0x00000000c10bdc80,0x00000000c5400000)
 Metaspace       used 6440K, capacity 7256K, committed 7424K, reserved 1056768K
  class space    used 626K, capacity 656K, committed 768K, reserved 1048576K
Event: 2.096 GC heap after
Heap after GC invocations=4 (full 0):
 PSYoungGen      total 136192K, used 5095K [0x00000000eab00000, 0x00000000f3500000, 0x0000000100000000)
  eden space 131072K, 0% used [0x00000000eab00000,0x00000000eab00000,0x00000000f2b00000)
  from space 5120K, 99% used [0x00000000f3000000,0x00000000f34f9d80,0x00000000f3500000)
  to   space 5120K, 0% used [0x00000000f2b00000,0x00000000f2b00000,0x00000000f3000000)
 ParOldGen       total 86016K, used 27465K [0x00000000c0000000, 0x00000000c5400000, 0x00000000eab00000)
  object space 86016K, 31% used [0x00000000c0000000,0x00000000c1ad25e8,0x00000000c5400000)
 Metaspace       used 6440K, capacity 7256K, committed 7424K, reserved 1056768K
  class space    used 626K, capacity 656K, committed 768K, reserved 1048576K
}
Event: 3.480 GC heap before
{Heap before GC invocations=5 (full 0):
 PSYoungGen      total 136192K, used 136167K [0x00000000eab00000, 0x00000000f3500000, 0x0000000100000000)
  eden space 131072K, 100% used [0x00000000eab00000,0x00000000f2b00000,0x00000000f2b00000)
  from space 5120K, 99% used [0x00000000f3000000,0x00000000f34f9d80,0x00000000f3500000)
  to   space 5120K, 0% used [0x00000000f2b00000,0x00000000f2b00000,0x00000000f3000000)
 ParOldGen       total 86016K, used 27465K [0x00000000c0000000, 0x00000000c5400000, 0x00000000eab00000)
  object space 86016K, 31% used [0x00000000c0000000,0x00000000c1ad25e8,0x00000000c5400000)
 Metaspace       used 6475K, capacity 7256K, committed 7424K, reserved 1056768K
  class space    used 626K, capacity 656K, committed 768K, reserved 1048576K
Event: 3.635 GC heap after
Heap after GC invocations=5 (full 0):
 PSYoungGen      total 136192K, used 5112K [0x00000000eab00000, 0x00000000fe000000, 0x0000000100000000)
  eden space 131072K, 0% used [0x00000000eab00000,0x00000000eab00000,0x00000000f2b00000)
  from space 5120K, 99% used [0x00000000f2b00000,0x00000000f2ffe0e8,0x00000000f3000000)
  to   space 27136K, 0% used [0x00000000fc580000,0x00000000fc580000,0x00000000fe000000)
 ParOldGen       total 86016K, used 47928K [0x00000000c0000000, 0x00000000c5400000, 0x00000000eab00000)
  object space 86016K, 55% used [0x00000000c0000000,0x00000000c2ece068,0x00000000c5400000)
 Metaspace       used 6475K, capacity 7256K, committed 7424K, reserved 1056768K
  class space    used 626K, capacity 656K, committed 768K, reserved 1048576K
}

Deoptimization events (10 events):
Event: 1.826 Thread 0x0000000017497000 Uncommon trap: reason=unstable_if action=reinterpret pc=0x000000000380919c method=java.util.HashMap.resize()[Ljava/util/HashMap$Node; @ 206
Event: 2.010 Thread 0x000000001749c000 Uncommon trap: reason=class_check action=maybe_recompile pc=0x00000000035137a4 method=java.util.HashMap.putVal(ILjava/lang/Object;Ljava/lang/Object;ZZ)Ljava/lang/Object; @ 203
Event: 2.010 Thread 0x000000001749c000 Uncommon trap: reason=bimorphic action=maybe_recompile pc=0x000000000332a564 method=java.util.HashMap.getNode(ILjava/lang/Object;)Ljava/util/HashMap$Node; @ 126
Event: 2.010 Thread 0x000000001749c000 Uncommon trap: reason=bimorphic action=maybe_recompile pc=0x000000000332a564 method=java.util.HashMap.getNode(ILjava/lang/Object;)Ljava/util/HashMap$Node; @ 126
Event: 2.138 Thread 0x0000000017497000 Uncommon trap: reason=unstable_if action=reinterpret pc=0x00000000037c43bc method=com.android.dx.rop.code.RegisterSpec.equals(ILcom/android/dx/rop/type/TypeBearer;Lcom/android/dx/rop/code/LocalItem;)Z @ 42
Event: 2.154 Thread 0x000000001749c000 Uncommon trap: reason=unstable_if action=reinterpret pc=0x000000000382df58 method=com.android.dx.ssa.LiteralOpUpgrader$1.visitNonMoveInsn(Lcom/android/dx/ssa/NormalSsaInsn;)V @ 55
Event: 2.155 Thread 0x000000001749c000 Uncommon trap: reason=unstable_if action=reinterpret pc=0x00000000034be05c method=com.android.dx.ssa.SsaMethod.updateOneDefinition(Lcom/android/dx/ssa/SsaInsn;Lcom/android/dx/rop/code/RegisterSpec;)V @ 4
Event: 2.288 Thread 0x000000000300d800 Uncommon trap: reason=class_check action=maybe_recompile pc=0x00000000035137a4 method=java.util.HashMap.putVal(ILjava/lang/Object;Ljava/lang/Object;ZZ)Ljava/lang/Object; @ 203
Event: 3.683 Thread 0x000000001749a800 Uncommon trap: reason=unstable_if action=reinterpret pc=0x000000000394b0b0 method=com.android.dx.ssa.back.IdenticalBlockCombiner.replaceSucc(Lcom/android/dx/rop/code/BasicBlock;II)V @ 30
Event: 4.325 Thread 0x000000001749a800 Uncommon trap: reason=unstable_if action=reinterpret pc=0x0000000003948e74 method=com.android.dx.rop.code.BasicBlockList.preferredSuccessorOf(Lcom/android/dx/rop/code/BasicBlock;)Lcom/android/dx/rop/code/BasicBlock; @ 58

Internal exceptions (5 events):
Event: 0.039 Thread 0x000000000300d800 Exception <a 'java/lang/NoSuchMethodError': Method sun.misc.Unsafe.defineClass(Ljava/lang/String;[BII)Ljava/lang/Class; name or signature does not match> (0x00000000eab07ca8) thrown at [C:\re\workspace\8-2-build-windows-amd64-cygwin\jdk8u144\9417\hotspot\
Event: 0.039 Thread 0x000000000300d800 Exception <a 'java/lang/NoSuchMethodError': Method sun.misc.Unsafe.prefetchRead(Ljava/lang/Object;J)V name or signature does not match> (0x00000000eab07f90) thrown at [C:\re\workspace\8-2-build-windows-amd64-cygwin\jdk8u144\9417\hotspot\src\share\vm\prims
Event: 1.742 Thread 0x000000001749c000 Exception <a 'java/lang/ArrayIndexOutOfBoundsException': 18> (0x00000000ebff7df0) thrown at [C:\re\workspace\8-2-build-windows-amd64-cygwin\jdk8u144\9417\hotspot\src\share\vm\interpreter\interpreterRuntime.cpp, line 366]
Event: 1.743 Thread 0x000000001749c000 Exception <a 'java/lang/ArrayIndexOutOfBoundsException'> (0x00000000ebff9970) thrown at [C:\re\workspace\8-2-build-windows-amd64-cygwin\jdk8u144\9417\hotspot\src\share\vm\runtime\sharedRuntime.cpp, line 605]
Event: 1.744 Thread 0x000000001749c000 Exception <a 'java/lang/ArrayIndexOutOfBoundsException'> (0x00000000ebffac58) thrown at [C:\re\workspace\8-2-build-windows-amd64-cygwin\jdk8u144\9417\hotspot\src\share\vm\runtime\sharedRuntime.cpp, line 605]

Events (10 events):
Event: 5.028 Thread 0x000000001749b000 DEOPT PACKING pc=0x000000000357b859 sp=0x0000000017b2ea10
Event: 5.028 Thread 0x000000001749b000 DEOPT UNPACKING pc=0x000000000315787f sp=0x0000000017b2e770 mode 0
Event: 5.326 Thread 0x000000001749b000 DEOPT PACKING pc=0x00000000034fafd5 sp=0x0000000017b2e960
Event: 5.326 Thread 0x000000001749b000 DEOPT UNPACKING pc=0x000000000315787f sp=0x0000000017b2e790 mode 0
Event: 5.332 Thread 0x000000001749b000 DEOPT PACKING pc=0x00000000036b7804 sp=0x0000000017b2ee90
Event: 5.332 Thread 0x000000001749b000 DEOPT UNPACKING pc=0x000000000315787f sp=0x0000000017b2ec70 mode 0
Event: 5.334 Thread 0x000000001749b000 DEOPT PACKING pc=0x00000000035f9ce1 sp=0x0000000017b2e750
Event: 5.334 Thread 0x000000001749b000 DEOPT UNPACKING pc=0x000000000315787f sp=0x0000000017b2e4c8 mode 0
Event: 5.358 Thread 0x000000001749b000 DEOPT PACKING pc=0x00000000034fb0e1 sp=0x0000000017b2e960
Event: 5.358 Thread 0x000000001749b000 DEOPT UNPACKING pc=0x000000000315787f sp=0x0000000017b2e790 mode 0


Dynamic libraries:
0x00007ff742f30000 - 0x00007ff742f67000 	C:\Program Files\Java\jdk1.8.0_144\bin\java.exe
0x00007ffc1c800000 - 0x00007ffc1c9db000 	C:\WINDOWS\SYSTEM32\ntdll.dll
0x00007ffc1b970000 - 0x00007ffc1ba1e000 	C:\WINDOWS\System32\KERNEL32.DLL
0x00007ffc19850000 - 0x00007ffc19a99000 	C:\WINDOWS\System32\KERNELBASE.dll
0x00007ffc19f00000 - 0x00007ffc19fa1000 	C:\WINDOWS\System32\ADVAPI32.dll
0x00007ffc1b8d0000 - 0x00007ffc1b96d000 	C:\WINDOWS\System32\msvcrt.dll
0x00007ffc1c430000 - 0x00007ffc1c489000 	C:\WINDOWS\System32\sechost.dll
0x00007ffc19d60000 - 0x00007ffc19e85000 	C:\WINDOWS\System32\RPCRT4.dll
0x00007ffc1a280000 - 0x00007ffc1a3ca000 	C:\WINDOWS\System32\USER32.dll
0x00007ffc19490000 - 0x00007ffc194ae000 	C:\WINDOWS\System32\win32u.dll
0x00007ffc19fb0000 - 0x00007ffc19fd7000 	C:\WINDOWS\System32\GDI32.dll
0x00007ffc19610000 - 0x00007ffc19797000 	C:\WINDOWS\System32\gdi32full.dll
0x00007ffc19af0000 - 0x00007ffc19b8a000 	C:\WINDOWS\System32\msvcp_win.dll
0x00007ffc19510000 - 0x00007ffc19606000 	C:\WINDOWS\System32\ucrtbase.dll
0x00007ffc08740000 - 0x00007ffc089a7000 	C:\WINDOWS\WinSxS\amd64_microsoft.windows.common-controls_6595b64144ccf1df_6.0.15063.483_none_26002d27e7c744a2\COMCTL32.dll
0x00007ffc1c490000 - 0x00007ffc1c789000 	C:\WINDOWS\System32\combase.dll
0x00007ffc18d20000 - 0x00007ffc18d8a000 	C:\WINDOWS\System32\bcryptPrimitives.dll
0x00007ffc1a1e0000 - 0x00007ffc1a20d000 	C:\WINDOWS\System32\IMM32.DLL
0x0000000053680000 - 0x0000000053752000 	C:\Program Files\Java\jdk1.8.0_144\jre\bin\msvcr100.dll
0x0000000050790000 - 0x000000005102d000 	C:\Program Files\Java\jdk1.8.0_144\jre\bin\server\jvm.dll
0x00007ffc1c110000 - 0x00007ffc1c118000 	C:\WINDOWS\System32\PSAPI.DLL
0x00007ffc084f0000 - 0x00007ffc084f9000 	C:\WINDOWS\SYSTEM32\WSOCK32.dll
0x00007ffc126f0000 - 0x00007ffc126fa000 	C:\WINDOWS\SYSTEM32\VERSION.dll
0x00007ffc12280000 - 0x00007ffc122a3000 	C:\WINDOWS\SYSTEM32\WINMM.dll
0x00007ffc1a210000 - 0x00007ffc1a27c000 	C:\WINDOWS\System32\WS2_32.dll
0x00007ffc12250000 - 0x00007ffc1227b000 	C:\WINDOWS\SYSTEM32\winmmbase.dll
0x00007ffc19aa0000 - 0x00007ffc19ae9000 	C:\WINDOWS\System32\cfgmgr32.dll
0x0000000053670000 - 0x000000005367f000 	C:\Program Files\Java\jdk1.8.0_144\jre\bin\verify.dll
0x0000000053640000 - 0x0000000053669000 	C:\Program Files\Java\jdk1.8.0_144\jre\bin\java.dll
0x0000000053620000 - 0x0000000053636000 	C:\Program Files\Java\jdk1.8.0_144\jre\bin\zip.dll
0x00007ffc1a490000 - 0x00007ffc1b8c6000 	C:\WINDOWS\System32\SHELL32.dll
0x00007ffc19fe0000 - 0x00007ffc1a08a000 	C:\WINDOWS\System32\shcore.dll
0x00007ffc18d90000 - 0x00007ffc19481000 	C:\WINDOWS\System32\windows.storage.dll
0x00007ffc1c790000 - 0x00007ffc1c7e1000 	C:\WINDOWS\System32\shlwapi.dll
0x00007ffc18c90000 - 0x00007ffc18ca1000 	C:\WINDOWS\System32\kernel.appcore.dll
0x00007ffc18cd0000 - 0x00007ffc18d1c000 	C:\WINDOWS\System32\powrprof.dll
0x00007ffc18c70000 - 0x00007ffc18c85000 	C:\WINDOWS\System32\profapi.dll

VM Arguments:
jvm_args: -Djava.awt.headless=true -Xmx1024M -Dfile.encoding=windows-1252 -Duser.country=IN -Duser.language=en -Duser.variant 
java_command: com.android.dx.command.Main --dex --num-threads=4 --output Z:\REACT NATIVE\techStack\android\app\build\intermediates\pre-dexed\debug\com.facebook.react-react-native-0.49.3_36e98ff22d7a77764aace8d4585febc6f930b7bc.jar Z:\REACT NATIVE\techStack\android\app\build\intermediates\exploded-aar\com.facebook.react\react-native\0.49.3\jars\classes.jar
java_class_path (initial): C:\Users\Udhay\AppData\Local\Android\sdk\build-tools\23.0.1\lib\dx.jar
Launcher Type: SUN_STANDARD

Environment Variables:
JAVA_HOME=C:\Program Files\Java\jdk1.8.0_144
CLASSPATH=Z:\REACT NATIVE\techStack\android\\gradle\wrapper\gradle-wrapper.jar
PATH=C:\ProgramData\Oracle\Java\javapath;C:\Windows\system32;C:\Windows;C:\Windows\System32\Wbem;C:\Windows\System32\WindowsPowerShell\v1.0\;C:\Program Files (x86)\NVIDIA Corporation\PhysX\Common;C:\WINDOWS\system32;C:\WINDOWS;C:\WINDOWS\System32\Wbem;C:\WINDOWS\System32\WindowsPowerShell\v1.0\;C:\Program Files\nodejs\;Z:\REACT NATIVE\albums\4.2.1\bin\bin;C:\Users\Udhay\scoop\shims;C:\Users\Udhay\AppData\Local\Microsoft\WindowsApps;C:\Users\Udhay\AppData\Local\GitHubDesktop\bin;C:\Users\Udhay\AppData\Roaming\npm;C:\Users\Udhay\AppData\Local\Android\sdk\platform-tools;C:\Users\Udhay\scoop\apps\gradle\current\bin;C:\User\Udhay\AppData\Local\Android\sdk\platform-tools;C:\Users\Udhay\AppData\Local\atom\bin
USERNAME=Udhay
OS=Windows_NT
PROCESSOR_IDENTIFIER=Intel64 Family 6 Model 142 Stepping 9, GenuineIntel



---------------  S Y S T E M  ---------------

OS: Windows 10.0 , 64 bit Build 15063 (10.0.15063.296)

CPU:total 4 (initial active 4) (2 cores per cpu, 2 threads per core) family 6 model 142 stepping 9, cmov, cx8, fxsr, mmx, sse, sse2, sse3, ssse3, sse4.1, sse4.2, popcnt, avx, avx2, aes, clmul, erms, 3dnowpref, lzcnt, ht, tsc, tscinvbit, bmi1, bmi2, adx

Memory: 4k page, physical 8243596k(306236k free), swap 10191244k(124k free)

vm_info: Java HotSpot(TM) 64-Bit Server VM (25.144-b01) for windows-amd64 JRE (1.8.0_144-b01), built on Jul 21 2017 21:57:33 by "java_re" with MS VC++ 10.0 (VS2010)

time: Wed Oct 25 12:41:51 2017
elapsed time: 5 seconds (0d 0h 0m 5s)

