#
# There is insufficient memory for the Java Runtime Environment to continue.
# Native memory allocation (malloc) failed to allocate 1064496 bytes for Chunk::new
# Possible reasons:
#   The system is out of physical RAM or swap space
#   In 32 bit mode, the process size limit was hit
# Possible solutions:
#   Reduce memory load on the system
#   Increase physical memory or swap space
#   Check if swap backing store is full
#   Use 64 bit Java on a 64 bit OS
#   Decrease Java heap size (-Xmx/-Xms)
#   Decrease number of Java threads
#   Decrease Java thread stack sizes (-Xss)
#   Set larger code cache with -XX:ReservedCodeCacheSize=
# This output file may be truncated or incomplete.
#
#  Out of Memory Error (allocation.cpp:390), pid=8028, tid=0x0000000000001668
#
# JRE version: Java(TM) SE Runtime Environment (8.0_144-b01) (build 1.8.0_144-b01)
# Java VM: Java HotSpot(TM) 64-Bit Server VM (25.144-b01 mixed mode windows-amd64 compressed oops)
# Failed to write core dump. Minidumps are not enabled by default on client versions of Windows
#

---------------  T H R E A D  ---------------

Current thread (0x00000000150b4800):  JavaThread "C2 CompilerThread0" daemon [_thread_in_native, id=5736, stack(0x00000000166f0000,0x00000000167f0000)]

Stack: [0x00000000166f0000,0x00000000167f0000]
[error occurred during error reporting (printing stack bounds), id 0xc0000005]

Native frames: (J=compiled Java code, j=interpreted, Vv=VM code, C=native code)


Current CompileTask:
C2:   3575 2005 %     4       com.android.dx.ssa.SsaConverter::placePhiFunctions @ 131 (394 bytes)


---------------  P R O C E S S  ---------------

Java Threads: ( => current thread )
  0x0000000016c60000 JavaThread "pool-1-thread-4" [_thread_in_Java, id=9324, stack(0x00000000173f0000,0x00000000174f0000)]
  0x0000000016c5f000 JavaThread "pool-1-thread-3" [_thread_in_Java, id=4620, stack(0x00000000172f0000,0x00000000173f0000)]
  0x0000000016c5e000 JavaThread "pool-1-thread-2" [_thread_in_native, id=11408, stack(0x00000000171f0000,0x00000000172f0000)]
  0x0000000016c5b800 JavaThread "pool-2-thread-1" [_thread_blocked, id=6276, stack(0x00000000170f0000,0x00000000171f0000)]
  0x0000000016c58000 JavaThread "pool-1-thread-1" [_thread_blocked, id=568, stack(0x0000000016ff0000,0x00000000170f0000)]
  0x000000001510c000 JavaThread "Service Thread" daemon [_thread_blocked, id=9068, stack(0x0000000016df0000,0x0000000016ef0000)]
  0x00000000168f8800 JavaThread "C1 CompilerThread2" daemon [_thread_blocked, id=9108, stack(0x0000000016cf0000,0x0000000016df0000)]
  0x00000000029dd800 JavaThread "C2 CompilerThread1" daemon [_thread_in_native, id=1492, stack(0x00000000167f0000,0x00000000168f0000)]
=>0x00000000150b4800 JavaThread "C2 CompilerThread0" daemon [_thread_in_native, id=5736, stack(0x00000000166f0000,0x00000000167f0000)]
  0x00000000150b2800 JavaThread "Attach Listener" daemon [_thread_blocked, id=1148, stack(0x00000000165f0000,0x00000000166f0000)]
  0x00000000150af800 JavaThread "Signal Dispatcher" daemon [_thread_blocked, id=5132, stack(0x00000000164f0000,0x00000000165f0000)]
  0x00000000029d5800 JavaThread "Finalizer" daemon [_thread_blocked, id=5864, stack(0x0000000016300000,0x0000000016400000)]
  0x00000000029d0800 JavaThread "Reference Handler" daemon [_thread_blocked, id=9336, stack(0x0000000016200000,0x0000000016300000)]
  0x0000000000e4d800 JavaThread "main" [_thread_in_Java, id=11672, stack(0x0000000002620000,0x0000000002720000)]

Other Threads:
  0x0000000015078000 VMThread [stack: 0x0000000016100000,0x0000000016200000] [id=2236]
  0x000000001690b000 WatcherThread [stack: 0x0000000016ef0000,0x0000000016ff0000] [id=6404]

VM state:not at safepoint (normal execution)

VM Mutex/Monitor currently owned by a thread: None

Heap:
 PSYoungGen      total 146944K, used 87253K [0x00000000eab00000, 0x00000000fe000000, 0x0000000100000000)
  eden space 129536K, 53% used [0x00000000eab00000,0x00000000eef387b8,0x00000000f2980000)
  from space 17408K, 99% used [0x00000000f2980000,0x00000000f3a7cc68,0x00000000f3a80000)
  to   space 28672K, 0% used [0x00000000fc400000,0x00000000fc400000,0x00000000fe000000)
 ParOldGen       total 86016K, used 45865K [0x00000000c0000000, 0x00000000c5400000, 0x00000000eab00000)
  object space 86016K, 53% used [0x00000000c0000000,0x00000000c2cca4a8,0x00000000c5400000)
 Metaspace       used 6475K, capacity 7256K, committed 7424K, reserved 1056768K
  class space    used 626K, capacity 656K, committed 768K, reserved 1048576K

Card table byte_map: [0x0000000011da0000,0x0000000011fb0000] byte_map_base: 0x00000000117a0000

Marking Bits: (ParMarkBitMap*) 0x0000000050fad850
 Begin Bits: [0x0000000012510000, 0x0000000013510000)
 End Bits:   [0x0000000013510000, 0x0000000014510000)

Polling page: 0x0000000000dc0000

CodeCache: size=245760Kb used=8041Kb max_used=8041Kb free=237718Kb
 bounds [0x00000000029e0000, 0x00000000031c0000, 0x00000000119e0000]
 total_blobs=2221 nmethods=1957 adapters=176
 compilation: enabled

Compilation events (10 events):
Event: 3.468 Thread 0x00000000168f8800 2025       2       com.android.dx.dex.file.FieldAnnotationStruct::<init> (43 bytes)
Event: 3.468 Thread 0x00000000168f8800 nmethod 2025 0x00000000031b4490 code [0x00000000031b4620, 0x00000000031b48f8]
Event: 3.468 Thread 0x00000000168f8800 2026       2       com.android.dx.cf.direct.StdAttributeFactory::constantValue (94 bytes)
Event: 3.470 Thread 0x00000000168f8800 nmethod 2026 0x00000000031b4a50 code [0x00000000031b4d40, 0x00000000031b5c08]
Event: 3.473 Thread 0x00000000168f8800 2027       1       com.android.dx.cf.code.SwitchList::size (5 bytes)
Event: 3.474 Thread 0x00000000168f8800 nmethod 2027 0x00000000031b7050 code [0x00000000031b71a0, 0x00000000031b72b0]
Event: 3.474 Thread 0x00000000168f8800 2028       2       com.android.dx.rop.code.SwitchInsn::accept (8 bytes)
Event: 3.474 Thread 0x00000000168f8800 nmethod 2028 0x00000000031b7310 code [0x00000000031b7480, 0x00000000031b7608]
Event: 3.480 Thread 0x00000000168f8800 2029       2       com.android.dx.rop.cst.CstLiteral32::compareTo0 (30 bytes)
Event: 3.480 Thread 0x00000000168f8800 nmethod 2029 0x00000000031b7690 code [0x00000000031b77e0, 0x00000000031b79b0]

GC Heap History (10 events):
Event: 1.567 GC heap before
{Heap before GC invocations=3 (full 0):
 PSYoungGen      total 37888K, used 37863K [0x00000000eab00000, 0x00000000ef500000, 0x0000000100000000)
  eden space 32768K, 100% used [0x00000000eab00000,0x00000000ecb00000,0x00000000ecb00000)
  from space 5120K, 99% used [0x00000000ed000000,0x00000000ed4f9c78,0x00000000ed500000)
  to   space 5120K, 0% used [0x00000000ecb00000,0x00000000ecb00000,0x00000000ed000000)
 ParOldGen       total 86016K, used 6948K [0x00000000c0000000, 0x00000000c5400000, 0x00000000eab00000)
  object space 86016K, 8% used [0x00000000c0000000,0x00000000c06c92b8,0x00000000c5400000)
 Metaspace       used 6222K, capacity 7154K, committed 7296K, reserved 1056768K
  class space    used 604K, capacity 618K, committed 640K, reserved 1048576K
Event: 1.579 GC heap after
Heap after GC invocations=3 (full 0):
 PSYoungGen      total 37888K, used 5089K [0x00000000eab00000, 0x00000000ef500000, 0x0000000100000000)
  eden space 32768K, 0% used [0x00000000eab00000,0x00000000eab00000,0x00000000ecb00000)
  from space 5120K, 99% used [0x00000000ecb00000,0x00000000ecff85e0,0x00000000ed000000)
  to   space 5120K, 0% used [0x00000000ef000000,0x00000000ef000000,0x00000000ef500000)
 ParOldGen       total 86016K, used 12041K [0x00000000c0000000, 0x00000000c5400000, 0x00000000eab00000)
  object space 86016K, 13% used [0x00000000c0000000,0x00000000c0bc2660,0x00000000c5400000)
 Metaspace       used 6222K, capacity 7154K, committed 7296K, reserved 1056768K
  class space    used 604K, capacity 618K, committed 640K, reserved 1048576K
}
Event: 1.796 GC heap before
{Heap before GC invocations=4 (full 0):
 PSYoungGen      total 37888K, used 37857K [0x00000000eab00000, 0x00000000ef500000, 0x0000000100000000)
  eden space 32768K, 100% used [0x00000000eab00000,0x00000000ecb00000,0x00000000ecb00000)
  from space 5120K, 99% used [0x00000000ecb00000,0x00000000ecff85e0,0x00000000ed000000)
  to   space 5120K, 0% used [0x00000000ef000000,0x00000000ef000000,0x00000000ef500000)
 ParOldGen       total 86016K, used 12041K [0x00000000c0000000, 0x00000000c5400000, 0x00000000eab00000)
  object space 86016K, 13% used [0x00000000c0000000,0x00000000c0bc2660,0x00000000c5400000)
 Metaspace       used 6284K, capacity 7154K, committed 7296K, reserved 1056768K
  class space    used 604K, capacity 618K, committed 640K, reserved 1048576K
Event: 1.813 GC heap after
Heap after GC invocations=4 (full 0):
 PSYoungGen      total 70656K, used 5089K [0x00000000eab00000, 0x00000000ef500000, 0x0000000100000000)
  eden space 65536K, 0% used [0x00000000eab00000,0x00000000eab00000,0x00000000eeb00000)
  from space 5120K, 99% used [0x00000000ef000000,0x00000000ef4f85e0,0x00000000ef500000)
  to   space 5120K, 0% used [0x00000000eeb00000,0x00000000eeb00000,0x00000000ef000000)
 ParOldGen       total 86016K, used 17115K [0x00000000c0000000, 0x00000000c5400000, 0x00000000eab00000)
  object space 86016K, 19% used [0x00000000c0000000,0x00000000c10b6c88,0x00000000c5400000)
 Metaspace       used 6284K, capacity 7154K, committed 7296K, reserved 1056768K
  class space    used 604K, capacity 618K, committed 640K, reserved 1048576K
}
Event: 2.142 GC heap before
{Heap before GC invocations=5 (full 0):
 PSYoungGen      total 70656K, used 70625K [0x00000000eab00000, 0x00000000ef500000, 0x0000000100000000)
  eden space 65536K, 100% used [0x00000000eab00000,0x00000000eeb00000,0x00000000eeb00000)
  from space 5120K, 99% used [0x00000000ef000000,0x00000000ef4f85e0,0x00000000ef500000)
  to   space 5120K, 0% used [0x00000000eeb00000,0x00000000eeb00000,0x00000000ef000000)
 ParOldGen       total 86016K, used 17115K [0x00000000c0000000, 0x00000000c5400000, 0x00000000eab00000)
  object space 86016K, 19% used [0x00000000c0000000,0x00000000c10b6c88,0x00000000c5400000)
 Metaspace       used 6425K, capacity 7256K, committed 7424K, reserved 1056768K
  class space    used 626K, capacity 656K, committed 768K, reserved 1048576K
Event: 2.164 GC heap after
Heap after GC invocations=5 (full 0):
 PSYoungGen      total 70656K, used 5089K [0x00000000eab00000, 0x00000000f4a00000, 0x0000000100000000)
  eden space 65536K, 0% used [0x00000000eab00000,0x00000000eab00000,0x00000000eeb00000)
  from space 5120K, 99% used [0x00000000eeb00000,0x00000000eeff85e0,0x00000000ef000000)
  to   space 15872K, 0% used [0x00000000f3a80000,0x00000000f3a80000,0x00000000f4a00000)
 ParOldGen       total 86016K, used 27577K [0x00000000c0000000, 0x00000000c5400000, 0x00000000eab00000)
  object space 86016K, 32% used [0x00000000c0000000,0x00000000c1aee788,0x00000000c5400000)
 Metaspace       used 6425K, capacity 7256K, committed 7424K, reserved 1056768K
  class space    used 626K, capacity 656K, committed 768K, reserved 1048576K
}
Event: 2.414 GC heap before
{Heap before GC invocations=6 (full 0):
 PSYoungGen      total 70656K, used 70625K [0x00000000eab00000, 0x00000000f4a00000, 0x0000000100000000)
  eden space 65536K, 100% used [0x00000000eab00000,0x00000000eeb00000,0x00000000eeb00000)
  from space 5120K, 99% used [0x00000000eeb00000,0x00000000eeff85e0,0x00000000ef000000)
  to   space 15872K, 0% used [0x00000000f3a80000,0x00000000f3a80000,0x00000000f4a00000)
 ParOldGen       total 86016K, used 27577K [0x00000000c0000000, 0x00000000c5400000, 0x00000000eab00000)
  object space 86016K, 32% used [0x00000000c0000000,0x00000000c1aee788,0x00000000c5400000)
 Metaspace       used 6440K, capacity 7256K, committed 7424K, reserved 1056768K
  class space    used 626K, capacity 656K, committed 768K, reserved 1048576K
Event: 2.453 GC heap after
Heap after GC invocations=6 (full 0):
 PSYoungGen      total 145408K, used 14660K [0x00000000eab00000, 0x00000000f4d00000, 0x0000000100000000)
  eden space 129536K, 0% used [0x00000000eab00000,0x00000000eab00000,0x00000000f2980000)
  from space 15872K, 92% used [0x00000000f3a80000,0x00000000f48d11b8,0x00000000f4a00000)
  to   space 17408K, 0% used [0x00000000f2980000,0x00000000f2980000,0x00000000f3a80000)
 ParOldGen       total 86016K, used 27577K [0x00000000c0000000, 0x00000000c5400000, 0x00000000eab00000)
  object space 86016K, 32% used [0x00000000c0000000,0x00000000c1aee788,0x00000000c5400000)
 Metaspace       used 6440K, capacity 7256K, committed 7424K, reserved 1056768K
  class space    used 626K, capacity 656K, committed 768K, reserved 1048576K
}
Event: 3.241 GC heap before
{Heap before GC invocations=7 (full 0):
 PSYoungGen      total 145408K, used 144196K [0x00000000eab00000, 0x00000000f4d00000, 0x0000000100000000)
  eden space 129536K, 100% used [0x00000000eab00000,0x00000000f2980000,0x00000000f2980000)
  from space 15872K, 92% used [0x00000000f3a80000,0x00000000f48d11b8,0x00000000f4a00000)
  to   space 17408K, 0% used [0x00000000f2980000,0x00000000f2980000,0x00000000f3a80000)
 ParOldGen       total 86016K, used 27577K [0x00000000c0000000, 0x00000000c5400000, 0x00000000eab00000)
  object space 86016K, 32% used [0x00000000c0000000,0x00000000c1aee788,0x00000000c5400000)
 Metaspace       used 6464K, capacity 7256K, committed 7424K, reserved 1056768K
  class space    used 626K, capacity 656K, committed 768K, reserved 1048576K
Event: 3.302 GC heap after
Heap after GC invocations=7 (full 0):
 PSYoungGen      total 146944K, used 17395K [0x00000000eab00000, 0x00000000fe000000, 0x0000000100000000)
  eden space 129536K, 0% used [0x00000000eab00000,0x00000000eab00000,0x00000000f2980000)
  from space 17408K, 99% used [0x00000000f2980000,0x00000000f3a7cc68,0x00000000f3a80000)
  to   space 28672K, 0% used [0x00000000fc400000,0x00000000fc400000,0x00000000fe000000)
 ParOldGen       total 86016K, used 45865K [0x00000000c0000000, 0x00000000c5400000, 0x00000000eab00000)
  object space 86016K, 53% used [0x00000000c0000000,0x00000000c2cca4a8,0x00000000c5400000)
 Metaspace       used 6464K, capacity 7256K, committed 7424K, reserved 1056768K
  class space    used 626K, capacity 656K, committed 768K, reserved 1048576K
}

Deoptimization events (10 events):
Event: 1.852 Thread 0x0000000016c5e000 Uncommon trap: reason=unstable_if action=reinterpret pc=0x00000000030687bc method=com.android.dx.cf.code.BytecodeArray.parseInstruction(ILcom/android/dx/cf/code/BytecodeArray$Visitor;)I @ 1198
Event: 1.889 Thread 0x0000000016c5f000 Uncommon trap: reason=bimorphic action=maybe_recompile pc=0x0000000002dca910 method=java.util.HashMap.getNode(ILjava/lang/Object;)Ljava/util/HashMap$Node; @ 126
Event: 1.889 Thread 0x0000000016c5f000 Uncommon trap: reason=class_check action=maybe_recompile pc=0x0000000002fdd850 method=java.util.HashMap.putVal(ILjava/lang/Object;Ljava/lang/Object;ZZ)Ljava/lang/Object; @ 203
Event: 1.894 Thread 0x0000000016c5f000 Uncommon trap: reason=unstable_if action=reinterpret pc=0x0000000002ce1390 method=java.util.HashMap.putVal(ILjava/lang/Object;Ljava/lang/Object;ZZ)Ljava/lang/Object; @ 162
Event: 1.904 Thread 0x0000000000e4d800 Uncommon trap: reason=unstable_if action=reinterpret pc=0x0000000002dca8f0 method=java.util.HashMap.getNode(ILjava/lang/Object;)Ljava/util/HashMap$Node; @ 84
Event: 2.126 Thread 0x0000000016c58000 Uncommon trap: reason=class_check action=maybe_recompile pc=0x0000000002fdd850 method=java.util.HashMap.putVal(ILjava/lang/Object;Ljava/lang/Object;ZZ)Ljava/lang/Object; @ 203
Event: 2.127 Thread 0x0000000016c58000 Uncommon trap: reason=bimorphic action=maybe_recompile pc=0x0000000002c49818 method=java.util.HashMap.getNode(ILjava/lang/Object;)Ljava/util/HashMap$Node; @ 126
Event: 2.127 Thread 0x0000000016c58000 Uncommon trap: reason=bimorphic action=maybe_recompile pc=0x0000000002c49818 method=java.util.HashMap.getNode(ILjava/lang/Object;)Ljava/util/HashMap$Node; @ 126
Event: 2.200 Thread 0x0000000016c58000 Uncommon trap: reason=unstable_if action=reinterpret pc=0x0000000002da4bdc method=com.android.dx.ssa.SsaMethod.updateOneDefinition(Lcom/android/dx/ssa/SsaInsn;Lcom/android/dx/rop/code/RegisterSpec;)V @ 4
Event: 2.290 Thread 0x0000000016c5f000 Uncommon trap: reason=class_check action=maybe_recompile pc=0x0000000002fdd850 method=java.util.HashMap.putVal(ILjava/lang/Object;Ljava/lang/Object;ZZ)Ljava/lang/Object; @ 203

Internal exceptions (6 events):
Event: 0.139 Thread 0x0000000000e4d800 Exception <a 'java/lang/NoSuchMethodError': Method sun.misc.Unsafe.defineClass(Ljava/lang/String;[BII)Ljava/lang/Class; name or signature does not match> (0x00000000eab07ca8) thrown at [C:\re\workspace\8-2-build-windows-amd64-cygwin\jdk8u144\9417\hotspot\
Event: 0.139 Thread 0x0000000000e4d800 Exception <a 'java/lang/NoSuchMethodError': Method sun.misc.Unsafe.prefetchRead(Ljava/lang/Object;J)V name or signature does not match> (0x00000000eab07f90) thrown at [C:\re\workspace\8-2-build-windows-amd64-cygwin\jdk8u144\9417\hotspot\src\share\vm\prims
Event: 1.384 Thread 0x0000000016c58000 Implicit null exception at 0x0000000002d211e2 to 0x0000000002d212da
Event: 1.896 Thread 0x0000000016c5f000 Exception <a 'java/lang/ArrayIndexOutOfBoundsException': 18> (0x00000000ec224520) thrown at [C:\re\workspace\8-2-build-windows-amd64-cygwin\jdk8u144\9417\hotspot\src\share\vm\interpreter\interpreterRuntime.cpp, line 366]
Event: 1.896 Thread 0x0000000016c5f000 Exception <a 'java/lang/ArrayIndexOutOfBoundsException': 145> (0x00000000ec2260a0) thrown at [C:\re\workspace\8-2-build-windows-amd64-cygwin\jdk8u144\9417\hotspot\src\share\vm\interpreter\interpreterRuntime.cpp, line 366]
Event: 1.896 Thread 0x0000000016c5f000 Exception <a 'java/lang/ArrayIndexOutOfBoundsException'> (0x00000000ec227388) thrown at [C:\re\workspace\8-2-build-windows-amd64-cygwin\jdk8u144\9417\hotspot\src\share\vm\runtime\sharedRuntime.cpp, line 605]

Events (10 events):
Event: 2.201 Thread 0x0000000016c58000 DEOPT UNPACKING pc=0x0000000002a2582a sp=0x00000000170ee768 mode 2
Event: 2.290 Thread 0x0000000016c5f000 Uncommon trap: trap_request=0xffffffde fr.pc=0x0000000002fdd850
Event: 2.290 Thread 0x0000000016c5f000 DEOPT PACKING pc=0x0000000002fdd850 sp=0x00000000173ee510
Event: 2.290 Thread 0x0000000016c5f000 DEOPT UNPACKING pc=0x0000000002a2582a sp=0x00000000173ee498 mode 2
Event: 2.412 Executing VM operation: ParallelGCFailedAllocation
Event: 2.453 Executing VM operation: ParallelGCFailedAllocation done
Event: 3.193 Executing VM operation: ParallelGCFailedAllocation
Event: 3.302 Executing VM operation: ParallelGCFailedAllocation done
Event: 3.377 Thread 0x0000000016c58000 DEOPT PACKING pc=0x0000000003042598 sp=0x00000000170ee8c0
Event: 3.377 Thread 0x0000000016c58000 DEOPT UNPACKING pc=0x0000000002a2787f sp=0x00000000170ee630 mode 0


Dynamic libraries:
0x00007ff742f30000 - 0x00007ff742f67000 	C:\Program Files\Java\jdk1.8.0_144\bin\java.exe
0x00007ffc1c800000 - 0x00007ffc1c9db000 	C:\WINDOWS\SYSTEM32\ntdll.dll
0x00007ffc1b970000 - 0x00007ffc1ba1e000 	C:\WINDOWS\System32\KERNEL32.DLL
0x00007ffc19850000 - 0x00007ffc19a99000 	C:\WINDOWS\System32\KERNELBASE.dll
0x00007ffc19f00000 - 0x00007ffc19fa1000 	C:\WINDOWS\System32\ADVAPI32.dll
0x00007ffc1b8d0000 - 0x00007ffc1b96d000 	C:\WINDOWS\System32\msvcrt.dll
0x00007ffc1c430000 - 0x00007ffc1c489000 	C:\WINDOWS\System32\sechost.dll
0x00007ffc19d60000 - 0x00007ffc19e85000 	C:\WINDOWS\System32\RPCRT4.dll
0x00007ffc1a280000 - 0x00007ffc1a3ca000 	C:\WINDOWS\System32\USER32.dll
0x00007ffc19490000 - 0x00007ffc194ae000 	C:\WINDOWS\System32\win32u.dll
0x00007ffc19fb0000 - 0x00007ffc19fd7000 	C:\WINDOWS\System32\GDI32.dll
0x00007ffc19610000 - 0x00007ffc19797000 	C:\WINDOWS\System32\gdi32full.dll
0x00007ffc19af0000 - 0x00007ffc19b8a000 	C:\WINDOWS\System32\msvcp_win.dll
0x00007ffc19510000 - 0x00007ffc19606000 	C:\WINDOWS\System32\ucrtbase.dll
0x00007ffc08740000 - 0x00007ffc089a7000 	C:\WINDOWS\WinSxS\amd64_microsoft.windows.common-controls_6595b64144ccf1df_6.0.15063.483_none_26002d27e7c744a2\COMCTL32.dll
0x00007ffc1c490000 - 0x00007ffc1c789000 	C:\WINDOWS\System32\combase.dll
0x00007ffc18d20000 - 0x00007ffc18d8a000 	C:\WINDOWS\System32\bcryptPrimitives.dll
0x00007ffc1a1e0000 - 0x00007ffc1a20d000 	C:\WINDOWS\System32\IMM32.DLL
0x0000000053680000 - 0x0000000053752000 	C:\Program Files\Java\jdk1.8.0_144\jre\bin\msvcr100.dll
0x0000000050790000 - 0x000000005102d000 	C:\Program Files\Java\jdk1.8.0_144\jre\bin\server\jvm.dll
0x00007ffc1c110000 - 0x00007ffc1c118000 	C:\WINDOWS\System32\PSAPI.DLL
0x00007ffc084f0000 - 0x00007ffc084f9000 	C:\WINDOWS\SYSTEM32\WSOCK32.dll
0x00007ffc1a210000 - 0x00007ffc1a27c000 	C:\WINDOWS\System32\WS2_32.dll
0x00007ffc12280000 - 0x00007ffc122a3000 	C:\WINDOWS\SYSTEM32\WINMM.dll
0x00007ffc126f0000 - 0x00007ffc126fa000 	C:\WINDOWS\SYSTEM32\VERSION.dll
0x00007ffc12250000 - 0x00007ffc1227b000 	C:\WINDOWS\SYSTEM32\WINMMBASE.dll
0x00007ffc19aa0000 - 0x00007ffc19ae9000 	C:\WINDOWS\System32\cfgmgr32.dll
0x0000000053670000 - 0x000000005367f000 	C:\Program Files\Java\jdk1.8.0_144\jre\bin\verify.dll
0x0000000053640000 - 0x0000000053669000 	C:\Program Files\Java\jdk1.8.0_144\jre\bin\java.dll
0x0000000053620000 - 0x0000000053636000 	C:\Program Files\Java\jdk1.8.0_144\jre\bin\zip.dll
0x00007ffc1a490000 - 0x00007ffc1b8c6000 	C:\WINDOWS\System32\SHELL32.dll
0x00007ffc19fe0000 - 0x00007ffc1a08a000 	C:\WINDOWS\System32\shcore.dll
0x00007ffc18d90000 - 0x00007ffc19481000 	C:\WINDOWS\System32\windows.storage.dll
0x00007ffc1c790000 - 0x00007ffc1c7e1000 	C:\WINDOWS\System32\shlwapi.dll
0x00007ffc18c90000 - 0x00007ffc18ca1000 	C:\WINDOWS\System32\kernel.appcore.dll
0x00007ffc18cd0000 - 0x00007ffc18d1c000 	C:\WINDOWS\System32\powrprof.dll
0x00007ffc18c70000 - 0x00007ffc18c85000 	C:\WINDOWS\System32\profapi.dll

VM Arguments:
jvm_args: -Djava.awt.headless=true -Xmx1024M -Dfile.encoding=windows-1252 -Duser.country=IN -Duser.language=en -Duser.variant 
java_command: com.android.dx.command.Main --dex --num-threads=4 --output Z:\REACT NATIVE\techStack\android\app\build\intermediates\pre-dexed\debug\com.facebook.react-react-native-0.49.3_36e98ff22d7a77764aace8d4585febc6f930b7bc.jar Z:\REACT NATIVE\techStack\android\app\build\intermediates\exploded-aar\com.facebook.react\react-native\0.49.3\jars\classes.jar
java_class_path (initial): C:\Users\Udhay\AppData\Local\Android\sdk\build-tools\23.0.1\lib\dx.jar
Launcher Type: SUN_STANDARD

Environment Variables:
JAVA_HOME=C:\Program Files\Java\jdk1.8.0_144
CLASSPATH=Z:\REACT NATIVE\techStack\android\\gradle\wrapper\gradle-wrapper.jar
PATH=C:\ProgramData\Oracle\Java\javapath;C:\Windows\system32;C:\Windows;C:\Windows\System32\Wbem;C:\Windows\System32\WindowsPowerShell\v1.0\;C:\Program Files (x86)\NVIDIA Corporation\PhysX\Common;C:\WINDOWS\system32;C:\WINDOWS;C:\WINDOWS\System32\Wbem;C:\WINDOWS\System32\WindowsPowerShell\v1.0\;C:\Program Files\nodejs\;Z:\REACT NATIVE\albums\4.2.1\bin\bin;C:\Users\Udhay\scoop\shims;C:\Users\Udhay\AppData\Local\Microsoft\WindowsApps;C:\Users\Udhay\AppData\Local\GitHubDesktop\bin;C:\Users\Udhay\AppData\Roaming\npm;C:\Users\Udhay\AppData\Local\Android\sdk\platform-tools;C:\Users\Udhay\scoop\apps\gradle\current\bin;C:\User\Udhay\AppData\Local\Android\sdk\platform-tools;C:\Users\Udhay\AppData\Local\atom\bin
USERNAME=Udhay
OS=Windows_NT
PROCESSOR_IDENTIFIER=Intel64 Family 6 Model 142 Stepping 9, GenuineIntel



---------------  S Y S T E M  ---------------

OS: Windows 10.0 , 64 bit Build 15063 (10.0.15063.296)

CPU:total 4 (initial active 4) (2 cores per cpu, 2 threads per core) family 6 model 142 stepping 9, cmov, cx8, fxsr, mmx, sse, sse2, sse3, ssse3, sse4.1, sse4.2, popcnt, avx, avx2, aes, clmul, erms, 3dnowpref, lzcnt, ht, tsc, tscinvbit, bmi1, bmi2, adx

Memory: 4k page, physical 8243596k(256428k free), swap 10191244k(6152k free)

vm_info: Java HotSpot(TM) 64-Bit Server VM (25.144-b01) for windows-amd64 JRE (1.8.0_144-b01), built on Jul 21 2017 21:57:33 by "java_re" with MS VC++ 10.0 (VS2010)

time: Wed Oct 25 12:45:26 2017
elapsed time: 3 seconds (0d 0h 0m 3s)

